Build started 9/15/2016 3:30:12 AM.
     1>Project "C:\Users\fali\Desktop\Ewa Project\PiAO Projekt - Ewa Tymoszewska\LipaTemplate\LipaTemplate.vcxproj" on node 2 (Build target(s)).
     1>ClCompile:
         C:\Program Files (x86)\Microsoft Visual Studio 12.0\VC\bin\x86_amd64\CL.exe /c /Zi /nologo /W3 /WX- /sdl /Od /D _DEBUG /D _MBCS /D _MBCS /D _CRT_SECURE_NO_WARNINGS /Gm /EHsc /RTC1 /MDd /GS /fp:precise /Zc:wchar_t /Zc:forScope /Fo"C:\Users\fali\Desktop\Ewa Project\PiAO Projekt - Ewa Tymoszewska\\TMP\\" /Fd"C:\Users\fali\Desktop\Ewa Project\PiAO Projekt - Ewa Tymoszewska\\TMP\vc120.pdb" /Gd /TP /errorReport:prompt main.cpp
         main.cpp
     1>main.cpp(190): warning C4172: returning address of local variable or temporary
     1>main.cpp(238): warning C4244: '=' : conversion from 'double' to 'int', possible loss of data
     1>main.cpp(914): warning C4566: character represented by universal-character-name '\u0142' cannot be represented in the current code page (1252)
     1>main.cpp(915): warning C4566: character represented by universal-character-name '\u0142' cannot be represented in the current code page (1252)
     1>main.cpp(925): warning C4566: character represented by universal-character-name '\u0142' cannot be represented in the current code page (1252)
     1>main.cpp(926): warning C4566: character represented by universal-character-name '\u0142' cannot be represented in the current code page (1252)
     1>main.cpp(927): warning C4566: character represented by universal-character-name '\u017A' cannot be represented in the current code page (1252)
     1>main.cpp(931): warning C4566: character represented by universal-character-name '\u0142' cannot be represented in the current code page (1252)
     1>main.cpp(931): warning C4566: character represented by universal-character-name '\u0119' cannot be represented in the current code page (1252)
     1>main.cpp(935): warning C4566: character represented by universal-character-name '\u0142' cannot be represented in the current code page (1252)
     1>main.cpp(935): warning C4566: character represented by universal-character-name '\u0107' cannot be represented in the current code page (1252)
     1>main.cpp(936): warning C4566: character represented by universal-character-name '\u0144' cannot be represented in the current code page (1252)
     1>main.cpp(943): warning C4566: character represented by universal-character-name '\u017A' cannot be represented in the current code page (1252)
     1>main.cpp(943): warning C4566: character represented by universal-character-name '\u0144' cannot be represented in the current code page (1252)
     1>main.cpp(947): warning C4566: character represented by universal-character-name '\u0142' cannot be represented in the current code page (1252)
     1>main.cpp(948): warning C4566: character represented by universal-character-name '\u0107' cannot be represented in the current code page (1252)
     1>main.cpp(956): warning C4566: character represented by universal-character-name '\u017A' cannot be represented in the current code page (1252)
     1>main.cpp(956): warning C4566: character represented by universal-character-name '\u0144' cannot be represented in the current code page (1252)
     1>main.cpp(958): warning C4566: character represented by universal-character-name '\u0142' cannot be represented in the current code page (1252)
       Link:
         C:\Program Files (x86)\Microsoft Visual Studio 12.0\VC\bin\x86_amd64\link.exe /ERRORREPORT:PROMPT /OUT:"C:\Users\fali\Desktop\Ewa Project\PiAO Projekt - Ewa Tymoszewska\\LipaTemplated.exe" /INCREMENTAL /NOLOGO kernel32.lib user32.lib gdi32.lib winspool.lib comdlg32.lib advapi32.lib shell32.lib ole32.lib oleaut32.lib uuid.lib odbc32.lib odbccp32.lib /MANIFEST /MANIFESTUAC:"level='asInvoker' uiAccess='false'" /manifest:embed /DEBUG /PDB:"C:\Users\fali\Desktop\Ewa Project\PiAO Projekt - Ewa Tymoszewska\\LipaTemplated.pdb" /TLBID:1 /DYNAMICBASE /NXCOMPAT /IMPLIB:"C:\Users\fali\Desktop\Ewa Project\PiAO Projekt - Ewa Tymoszewska\\LipaTemplated.lib" /MACHINE:X64 "C:\Users\fali\Desktop\Ewa Project\PiAO Projekt - Ewa Tymoszewska\\TMP\main.obj"
         LipaTemplate.vcxproj -> C:\Users\fali\Desktop\Ewa Project\PiAO Projekt - Ewa Tymoszewska\\LipaTemplated.exe
     1>Done Building Project "C:\Users\fali\Desktop\Ewa Project\PiAO Projekt - Ewa Tymoszewska\LipaTemplate\LipaTemplate.vcxproj" (Build target(s)).

Build succeeded.

Time Elapsed 00:00:00.87
